# JRE version: OpenJDK Runtime Environment 18.9 (11.0.11+9) (build 11.0.11+9)
# Java VM: OpenJDK 64-Bit Server VM 18.9 (11.0.11+9, mixed mode, tiered, compressed oops, g1 gc, windows-amd64)
Heap:
 garbage-first heap   total 393216K, used 185319K [0x0000000740000000, 0x0000000800000000)
  region size 1024K, 35 young (35840K), 4 survivors (4096K)
 Metaspace       used 122257K, capacity 125836K, committed 125956K, reserved 1157120K
  class space    used 15945K, capacity 17512K, committed 17588K, reserved 1048576K
GC Heap History (20 events):
Event: 2667.517 GC heap before
{Heap before GC invocations=153 (full 2):
 garbage-first heap   total 393216K, used 204653K [0x0000000740000000, 0x0000000800000000)
  region size 1024K, 60 young (61440K), 3 survivors (3072K)
 Metaspace       used 121553K, capacity 125032K, committed 125060K, reserved 1157120K
  class space    used 15883K, capacity 17438K, committed 17460K, reserved 1048576K
}
Event: 2667.520 GC heap after
{Heap after GC invocations=154 (full 2):
 garbage-first heap   total 393216K, used 146369K [0x0000000740000000, 0x0000000800000000)
  region size 1024K, 3 young (3072K), 3 survivors (3072K)
 Metaspace       used 121553K, capacity 125032K, committed 125060K, reserved 1157120K
  class space    used 15883K, capacity 17438K, committed 17460K, reserved 1048576K
}
Event: 2668.555 GC heap before
{Heap before GC invocations=154 (full 2):
 garbage-first heap   total 393216K, used 204737K [0x0000000740000000, 0x0000000800000000)
  region size 1024K, 60 young (61440K), 3 survivors (3072K)
 Metaspace       used 121665K, capacity 125163K, committed 125316K, reserved 1157120K
  class space    used 15884K, capacity 17439K, committed 17460K, reserved 1048576K
}
Event: 2668.559 GC heap after
{Heap after GC invocations=155 (full 2):
 garbage-first heap   total 393216K, used 147798K [0x0000000740000000, 0x0000000800000000)
  region size 1024K, 4 young (4096K), 4 survivors (4096K)
 Metaspace       used 121665K, capacity 125163K, committed 125316K, reserved 1157120K
  class space    used 15884K, capacity 17439K, committed 17460K, reserved 1048576K
}
Event: 2669.899 GC heap before
{Heap before GC invocations=155 (full 2):
 garbage-first heap   total 393216K, used 205142K [0x0000000740000000, 0x0000000800000000)
  region size 1024K, 60 young (61440K), 4 survivors (4096K)
 Metaspace       used 121783K, capacity 125291K, committed 125316K, reserved 1157120K
  class space    used 15884K, capacity 17439K, committed 17460K, reserved 1048576K
}
Event: 2669.903 GC heap after
{Heap after GC invocations=156 (full 2):
 garbage-first heap   total 393216K, used 148389K [0x0000000740000000, 0x0000000800000000)
  region size 1024K, 4 young (4096K), 4 survivors (4096K)
 Metaspace       used 121783K, capacity 125291K, committed 125316K, reserved 1157120K
  class space    used 15884K, capacity 17439K, committed 17460K, reserved 1048576K
}
Event: 2674.093 GC heap before
{Heap before GC invocations=156 (full 2):
 garbage-first heap   total 393216K, used 205733K [0x0000000740000000, 0x0000000800000000)
  region size 1024K, 60 young (61440K), 4 survivors (4096K)
 Metaspace       used 121988K, capacity 125499K, committed 125700K, reserved 1157120K
  class space    used 15939K, capacity 17509K, committed 17588K, reserved 1048576K
}
Event: 2674.098 GC heap after
{Heap after GC invocations=157 (full 2):
 garbage-first heap   total 393216K, used 148054K [0x0000000740000000, 0x0000000800000000)
  region size 1024K, 5 young (5120K), 5 survivors (5120K)
 Metaspace       used 121988K, capacity 125499K, committed 125700K, reserved 1157120K
  class space    used 15939K, capacity 17509K, committed 17588K, reserved 1048576K
}
Event: 2676.798 GC heap before
{Heap before GC invocations=157 (full 2):
 garbage-first heap   total 393216K, used 204374K [0x0000000740000000, 0x0000000800000000)
  region size 1024K, 60 young (61440K), 5 survivors (5120K)
 Metaspace       used 122049K, capacity 125567K, committed 125700K, reserved 1157120K
  class space    used 15939K, capacity 17509K, committed 17588K, reserved 1048576K
}
Event: 2676.801 GC heap after
{Heap after GC invocations=158 (full 2):
 garbage-first heap   total 393216K, used 146670K [0x0000000740000000, 0x0000000800000000)
  region size 1024K, 3 young (3072K), 3 survivors (3072K)
 Metaspace       used 122049K, capacity 125567K, committed 125700K, reserved 1157120K
  class space    used 15939K, capacity 17509K, committed 17588K, reserved 1048576K
}
Event: 2678.867 GC heap before
{Heap before GC invocations=158 (full 2):
 garbage-first heap   total 393216K, used 205038K [0x0000000740000000, 0x0000000800000000)
  region size 1024K, 60 young (61440K), 3 survivors (3072K)
 Metaspace       used 122104K, capacity 125631K, committed 125956K, reserved 1157120K
  class space    used 15940K, capacity 17509K, committed 17588K, reserved 1048576K
}
Event: 2678.871 GC heap after
{Heap after GC invocations=159 (full 2):
 garbage-first heap   total 393216K, used 149700K [0x0000000740000000, 0x0000000800000000)
  region size 1024K, 6 young (6144K), 6 survivors (6144K)
 Metaspace       used 122104K, capacity 125631K, committed 125956K, reserved 1157120K
  class space    used 15940K, capacity 17509K, committed 17588K, reserved 1048576K
}
Event: 2679.455 GC heap before
{Heap before GC invocations=159 (full 2):
 garbage-first heap   total 393216K, used 204996K [0x0000000740000000, 0x0000000800000000)
  region size 1024K, 60 young (61440K), 6 survivors (6144K)
 Metaspace       used 122148K, capacity 125696K, committed 125956K, reserved 1157120K
  class space    used 15940K, capacity 17509K, committed 17588K, reserved 1048576K
}
Event: 2679.461 GC heap after
{Heap after GC invocations=160 (full 2):
 garbage-first heap   total 393216K, used 153307K [0x0000000740000000, 0x0000000800000000)
  region size 1024K, 8 young (8192K), 8 survivors (8192K)
 Metaspace       used 122148K, capacity 125696K, committed 125956K, reserved 1157120K
  class space    used 15940K, capacity 17509K, committed 17588K, reserved 1048576K
}
Event: 2683.632 GC heap before
{Heap before GC invocations=160 (full 2):
 garbage-first heap   total 393216K, used 206555K [0x0000000740000000, 0x0000000800000000)
  region size 1024K, 60 young (61440K), 8 survivors (8192K)
 Metaspace       used 122201K, capacity 125760K, committed 125956K, reserved 1157120K
  class space    used 15940K, capacity 17509K, committed 17588K, reserved 1048576K
}
Event: 2683.638 GC heap after
{Heap after GC invocations=161 (full 2):
 garbage-first heap   total 393216K, used 153555K [0x0000000740000000, 0x0000000800000000)
  region size 1024K, 6 young (6144K), 6 survivors (6144K)
 Metaspace       used 122201K, capacity 125760K, committed 125956K, reserved 1157120K
  class space    used 15940K, capacity 17509K, committed 17588K, reserved 1048576K
}
Event: 2684.182 GC heap before
{Heap before GC invocations=161 (full 2):
 garbage-first heap   total 393216K, used 209875K [0x0000000740000000, 0x0000000800000000)
  region size 1024K, 60 young (61440K), 6 survivors (6144K)
 Metaspace       used 122208K, capacity 125760K, committed 125956K, reserved 1157120K
  class space    used 15940K, capacity 17509K, committed 17588K, reserved 1048576K
}
Event: 2684.188 GC heap after
{Heap after GC invocations=162 (full 2):
 garbage-first heap   total 393216K, used 157643K [0x0000000740000000, 0x0000000800000000)
  region size 1024K, 5 young (5120K), 5 survivors (5120K)
 Metaspace       used 122208K, capacity 125760K, committed 125956K, reserved 1157120K
  class space    used 15940K, capacity 17509K, committed 17588K, reserved 1048576K
}
Event: 2685.784 GC heap before
{Heap before GC invocations=162 (full 2):
 garbage-first heap   total 393216K, used 213963K [0x0000000740000000, 0x0000000800000000)
  region size 1024K, 60 young (61440K), 5 survivors (5120K)
 Metaspace       used 122229K, capacity 125760K, committed 125956K, reserved 1157120K
  class space    used 15940K, capacity 17509K, committed 17588K, reserved 1048576K
}
Event: 2685.789 GC heap after
{Heap after GC invocations=163 (full 2):
 garbage-first heap   total 393216K, used 155623K [0x0000000740000000, 0x0000000800000000)
  region size 1024K, 4 young (4096K), 4 survivors (4096K)
 Metaspace       used 122229K, capacity 125760K, committed 125956K, reserved 1157120K
  class space    used 15940K, capacity 17509K, committed 17588K, reserved 1048576K
}

