# JRE version: OpenJDK Runtime Environment 18.9 (11.0.11+9) (build 11.0.11+9)
# Java VM: OpenJDK 64-Bit Server VM 18.9 (11.0.11+9, mixed mode, tiered, compressed oops, g1 gc, windows-amd64)
Heap:
 garbage-first heap   total 262144K, used 100772K [0x0000000740000000, 0x0000000800000000)
  region size 1024K, 3 young (3072K), 3 survivors (3072K)
 Metaspace       used 111045K, capacity 113908K, committed 113960K, reserved 1155072K
  class space    used 14506K, capacity 15779K, committed 15820K, reserved 1048576K
GC Heap History (20 events):
Event: 163.284 GC heap before
{Heap before GC invocations=79 (full 4):
 garbage-first heap   total 262144K, used 100165K [0x0000000740000000, 0x0000000800000000)
  region size 1024K, 6 young (6144K), 0 survivors (0K)
 Metaspace       used 110336K, capacity 113167K, committed 113448K, reserved 1146880K
  class space    used 14485K, capacity 15729K, committed 15820K, reserved 1048576K
}
Event: 163.386 GC heap after
{Heap after GC invocations=80 (full 5):
 garbage-first heap   total 262144K, used 91527K [0x0000000740000000, 0x0000000800000000)
  region size 1024K, 0 young (0K), 0 survivors (0K)
 Metaspace       used 110336K, capacity 113167K, committed 113448K, reserved 1146880K
  class space    used 14485K, capacity 15729K, committed 15820K, reserved 1048576K
}
Event: 181.536 GC heap before
{Heap before GC invocations=80 (full 5):
 garbage-first heap   total 262144K, used 118151K [0x0000000740000000, 0x0000000800000000)
  region size 1024K, 27 young (27648K), 0 survivors (0K)
 Metaspace       used 110413K, capacity 113295K, committed 113448K, reserved 1146880K
  class space    used 14485K, capacity 15729K, committed 15820K, reserved 1048576K
}
Event: 181.660 GC heap after
{Heap after GC invocations=81 (full 6):
 garbage-first heap   total 262144K, used 91956K [0x0000000740000000, 0x0000000800000000)
  region size 1024K, 0 young (0K), 0 survivors (0K)
 Metaspace       used 110413K, capacity 113295K, committed 113448K, reserved 1146880K
  class space    used 14485K, capacity 15729K, committed 15820K, reserved 1048576K
}
Event: 193.342 GC heap before
{Heap before GC invocations=81 (full 6):
 garbage-first heap   total 262144K, used 99124K [0x0000000740000000, 0x0000000800000000)
  region size 1024K, 8 young (8192K), 0 survivors (0K)
 Metaspace       used 110424K, capacity 113295K, committed 113448K, reserved 1146880K
  class space    used 14485K, capacity 15729K, committed 15820K, reserved 1048576K
}
Event: 193.471 GC heap after
{Heap after GC invocations=82 (full 7):
 garbage-first heap   total 262144K, used 91510K [0x0000000740000000, 0x0000000800000000)
  region size 1024K, 0 young (0K), 0 survivors (0K)
 Metaspace       used 110424K, capacity 113295K, committed 113448K, reserved 1146880K
  class space    used 14485K, capacity 15729K, committed 15820K, reserved 1048576K
}
Event: 204.621 GC heap before
{Heap before GC invocations=82 (full 7):
 garbage-first heap   total 262144K, used 151926K [0x0000000740000000, 0x0000000800000000)
  region size 1024K, 60 young (61440K), 0 survivors (0K)
 Metaspace       used 110490K, capacity 113375K, committed 113704K, reserved 1146880K
  class space    used 14488K, capacity 15734K, committed 15820K, reserved 1048576K
}
Event: 204.624 GC heap after
{Heap after GC invocations=83 (full 7):
 garbage-first heap   total 262144K, used 97150K [0x0000000740000000, 0x0000000800000000)
  region size 1024K, 6 young (6144K), 6 survivors (6144K)
 Metaspace       used 110490K, capacity 113375K, committed 113704K, reserved 1146880K
  class space    used 14488K, capacity 15734K, committed 15820K, reserved 1048576K
}
Event: 207.401 GC heap before
{Heap before GC invocations=83 (full 7):
 garbage-first heap   total 262144K, used 153470K [0x0000000740000000, 0x0000000800000000)
  region size 1024K, 60 young (61440K), 6 survivors (6144K)
 Metaspace       used 110663K, capacity 113504K, committed 113704K, reserved 1146880K
  class space    used 14488K, capacity 15734K, committed 15820K, reserved 1048576K
}
Event: 207.404 GC heap after
{Heap after GC invocations=84 (full 7):
 garbage-first heap   total 262144K, used 95933K [0x0000000740000000, 0x0000000800000000)
  region size 1024K, 2 young (2048K), 2 survivors (2048K)
 Metaspace       used 110663K, capacity 113504K, committed 113704K, reserved 1146880K
  class space    used 14488K, capacity 15734K, committed 15820K, reserved 1048576K
}
Event: 223.434 GC heap before
{Heap before GC invocations=84 (full 7):
 garbage-first heap   total 262144K, used 154301K [0x0000000740000000, 0x0000000800000000)
  region size 1024K, 59 young (60416K), 2 survivors (2048K)
 Metaspace       used 110759K, capacity 113636K, committed 113960K, reserved 1146880K
  class space    used 14488K, capacity 15734K, committed 15820K, reserved 1048576K
}
Event: 223.545 GC heap after
{Heap after GC invocations=85 (full 8):
 garbage-first heap   total 262144K, used 97243K [0x0000000740000000, 0x0000000800000000)
  region size 1024K, 0 young (0K), 0 survivors (0K)
 Metaspace       used 110759K, capacity 113636K, committed 113960K, reserved 1146880K
  class space    used 14488K, capacity 15734K, committed 15820K, reserved 1048576K
}
Event: 232.248 GC heap before
{Heap before GC invocations=85 (full 8):
 garbage-first heap   total 262144K, used 158683K [0x0000000740000000, 0x0000000800000000)
  region size 1024K, 60 young (61440K), 0 survivors (0K)
 Metaspace       used 110898K, capacity 113767K, committed 113960K, reserved 1146880K
  class space    used 14489K, capacity 15734K, committed 15820K, reserved 1048576K
}
Event: 232.251 GC heap after
{Heap after GC invocations=86 (full 8):
 garbage-first heap   total 262144K, used 99101K [0x0000000740000000, 0x0000000800000000)
  region size 1024K, 2 young (2048K), 2 survivors (2048K)
 Metaspace       used 110898K, capacity 113767K, committed 113960K, reserved 1146880K
  class space    used 14489K, capacity 15734K, committed 15820K, reserved 1048576K
}
Event: 234.548 GC heap before
{Heap before GC invocations=86 (full 8):
 garbage-first heap   total 262144K, used 159517K [0x0000000740000000, 0x0000000800000000)
  region size 1024K, 60 young (61440K), 2 survivors (2048K)
 Metaspace       used 110960K, capacity 113812K, committed 113960K, reserved 1146880K
  class space    used 14499K, capacity 15747K, committed 15820K, reserved 1048576K
}
Event: 234.551 GC heap after
{Heap after GC invocations=87 (full 8):
 garbage-first heap   total 262144K, used 101085K [0x0000000740000000, 0x0000000800000000)
  region size 1024K, 3 young (3072K), 3 survivors (3072K)
 Metaspace       used 110960K, capacity 113812K, committed 113960K, reserved 1146880K
  class space    used 14499K, capacity 15747K, committed 15820K, reserved 1048576K
}
Event: 237.838 GC heap before
{Heap before GC invocations=87 (full 8):
 garbage-first heap   total 262144K, used 159453K [0x0000000740000000, 0x0000000800000000)
  region size 1024K, 60 young (61440K), 3 survivors (3072K)
 Metaspace       used 111022K, capacity 113908K, committed 113960K, reserved 1146880K
  class space    used 14505K, capacity 15779K, committed 15820K, reserved 1048576K
}
Event: 237.840 GC heap after
{Heap after GC invocations=88 (full 8):
 garbage-first heap   total 262144K, used 100751K [0x0000000740000000, 0x0000000800000000)
  region size 1024K, 3 young (3072K), 3 survivors (3072K)
 Metaspace       used 111022K, capacity 113908K, committed 113960K, reserved 1146880K
  class space    used 14505K, capacity 15779K, committed 15820K, reserved 1048576K
}
Event: 243.201 GC heap before
{Heap before GC invocations=88 (full 8):
 garbage-first heap   total 262144K, used 114063K [0x0000000740000000, 0x0000000800000000)
  region size 1024K, 17 young (17408K), 3 survivors (3072K)
 Metaspace       used 111045K, capacity 113908K, committed 113960K, reserved 1153024K
  class space    used 14506K, capacity 15779K, committed 15820K, reserved 1048576K
}
Event: 243.205 GC heap after
{Heap after GC invocations=89 (full 8):
 garbage-first heap   total 262144K, used 100772K [0x0000000740000000, 0x0000000800000000)
  region size 1024K, 3 young (3072K), 3 survivors (3072K)
 Metaspace       used 111045K, capacity 113908K, committed 113960K, reserved 1153024K
  class space    used 14506K, capacity 15779K, committed 15820K, reserved 1048576K
}

